<?xml version="1.0" encoding="UTF-8"?>
<testsuite xmlns:xsi="http://www.w3.org/2001/XMLSchema-instance" xsi:noNamespaceSchemaLocation="https://maven.apache.org/surefire/maven-surefire-plugin/xsd/surefire-test-report-3.0.xsd" version="3.0" name="TestSuite" time="3.266" tests="13" errors="0" skipped="0" failures="0">
  <properties>
    <property name="java.specification.version" value="17"/>
    <property name="sun.cpu.isalist" value="amd64"/>
    <property name="sun.jnu.encoding" value="Cp1252"/>
    <property name="java.class.path" value="C:\GitClones\CucuTestNGReportingProProject\NewProject\target\test-classes;C:\GitClones\CucuTestNGReportingProProject\NewProject\target\classes;C:\Users\hamid_raza\.m2\repository\io\cucumber\cucumber-java\7.15.0\cucumber-java-7.15.0.jar;C:\Users\hamid_raza\.m2\repository\io\cucumber\cucumber-core\7.15.0\cucumber-core-7.15.0.jar;C:\Users\hamid_raza\.m2\repository\io\cucumber\cucumber-gherkin\7.15.0\cucumber-gherkin-7.15.0.jar;C:\Users\hamid_raza\.m2\repository\io\cucumber\cucumber-gherkin-messages\7.15.0\cucumber-gherkin-messages-7.15.0.jar;C:\Users\hamid_raza\.m2\repository\io\cucumber\gherkin\26.2.0\gherkin-26.2.0.jar;C:\Users\hamid_raza\.m2\repository\io\cucumber\messages\22.0.0\messages-22.0.0.jar;C:\Users\hamid_raza\.m2\repository\io\cucumber\tag-expressions\6.0.0\tag-expressions-6.0.0.jar;C:\Users\hamid_raza\.m2\repository\io\cucumber\cucumber-expressions\17.0.1\cucumber-expressions-17.0.1.jar;C:\Users\hamid_raza\.m2\repository\io\cucumber\datatable\7.15.0\datatable-7.15.0.jar;C:\Users\hamid_raza\.m2\repository\io\cucumber\cucumber-plugin\7.15.0\cucumber-plugin-7.15.0.jar;C:\Users\hamid_raza\.m2\repository\io\cucumber\docstring\7.15.0\docstring-7.15.0.jar;C:\Users\hamid_raza\.m2\repository\io\cucumber\html-formatter\20.4.0\html-formatter-20.4.0.jar;C:\Users\hamid_raza\.m2\repository\io\cucumber\junit-xml-formatter\0.2.0\junit-xml-formatter-0.2.0.jar;C:\Users\hamid_raza\.m2\repository\io\cucumber\ci-environment\10.0.0\ci-environment-10.0.0.jar;C:\Users\hamid_raza\.m2\repository\org\apiguardian\apiguardian-api\1.1.2\apiguardian-api-1.1.2.jar;C:\Users\hamid_raza\.m2\repository\io\cucumber\cucumber-testng\7.15.0\cucumber-testng-7.15.0.jar;C:\Users\hamid_raza\.m2\repository\com\aventstack\extentreports\5.0.4\extentreports-5.0.4.jar;C:\Users\hamid_raza\.m2\repository\io\reactivex\rxjava3\rxjava\3.0.4\rxjava-3.0.4.jar;C:\Users\hamid_raza\.m2\repository\org\reactivestreams\reactive-streams\1.0.3\reactive-streams-1.0.3.jar;C:\Users\hamid_raza\.m2\repository\org\freemarker\freemarker\2.3.30\freemarker-2.3.30.jar;C:\Users\hamid_raza\.m2\repository\com\google\code\gson\gson\2.8.6\gson-2.8.6.jar;C:\Users\hamid_raza\.m2\repository\org\apache\logging\log4j\log4j-core\2.17.1\log4j-core-2.17.1.jar;C:\Users\hamid_raza\.m2\repository\org\apache\logging\log4j\log4j-api\2.17.1\log4j-api-2.17.1.jar;C:\Users\hamid_raza\.m2\repository\org\seleniumhq\selenium\selenium-java\4.17.0\selenium-java-4.17.0.jar;C:\Users\hamid_raza\.m2\repository\org\seleniumhq\selenium\selenium-api\4.17.0\selenium-api-4.17.0.jar;C:\Users\hamid_raza\.m2\repository\org\seleniumhq\selenium\selenium-chrome-driver\4.17.0\selenium-chrome-driver-4.17.0.jar;C:\Users\hamid_raza\.m2\repository\com\google\auto\service\auto-service-annotations\1.1.1\auto-service-annotations-1.1.1.jar;C:\Users\hamid_raza\.m2\repository\org\seleniumhq\selenium\selenium-chromium-driver\4.17.0\selenium-chromium-driver-4.17.0.jar;C:\Users\hamid_raza\.m2\repository\org\seleniumhq\selenium\selenium-json\4.17.0\selenium-json-4.17.0.jar;C:\Users\hamid_raza\.m2\repository\org\seleniumhq\selenium\selenium-manager\4.17.0\selenium-manager-4.17.0.jar;C:\Users\hamid_raza\.m2\repository\org\seleniumhq\selenium\selenium-devtools-v119\4.17.0\selenium-devtools-v119-4.17.0.jar;C:\Users\hamid_raza\.m2\repository\org\seleniumhq\selenium\selenium-devtools-v120\4.17.0\selenium-devtools-v120-4.17.0.jar;C:\Users\hamid_raza\.m2\repository\org\seleniumhq\selenium\selenium-devtools-v121\4.17.0\selenium-devtools-v121-4.17.0.jar;C:\Users\hamid_raza\.m2\repository\org\seleniumhq\selenium\selenium-devtools-v85\4.17.0\selenium-devtools-v85-4.17.0.jar;C:\Users\hamid_raza\.m2\repository\org\seleniumhq\selenium\selenium-edge-driver\4.17.0\selenium-edge-driver-4.17.0.jar;C:\Users\hamid_raza\.m2\repository\org\seleniumhq\selenium\selenium-firefox-driver\4.17.0\selenium-firefox-driver-4.17.0.jar;C:\Users\hamid_raza\.m2\repository\org\seleniumhq\selenium\selenium-http\4.17.0\selenium-http-4.17.0.jar;C:\Users\hamid_raza\.m2\repository\dev\failsafe\failsafe\3.3.2\failsafe-3.3.2.jar;C:\Users\hamid_raza\.m2\repository\org\seleniumhq\selenium\selenium-ie-driver\4.17.0\selenium-ie-driver-4.17.0.jar;C:\Users\hamid_raza\.m2\repository\org\seleniumhq\selenium\selenium-remote-driver\4.17.0\selenium-remote-driver-4.17.0.jar;C:\Users\hamid_raza\.m2\repository\com\google\guava\guava\33.0.0-jre\guava-33.0.0-jre.jar;C:\Users\hamid_raza\.m2\repository\com\google\guava\failureaccess\1.0.2\failureaccess-1.0.2.jar;C:\Users\hamid_raza\.m2\repository\com\google\guava\listenablefuture\9999.0-empty-to-avoid-conflict-with-guava\listenablefuture-9999.0-empty-to-avoid-conflict-with-guava.jar;C:\Users\hamid_raza\.m2\repository\com\google\code\findbugs\jsr305\3.0.2\jsr305-3.0.2.jar;C:\Users\hamid_raza\.m2\repository\org\checkerframework\checker-qual\3.41.0\checker-qual-3.41.0.jar;C:\Users\hamid_raza\.m2\repository\com\google\errorprone\error_prone_annotations\2.23.0\error_prone_annotations-2.23.0.jar;C:\Users\hamid_raza\.m2\repository\com\google\j2objc\j2objc-annotations\2.8\j2objc-annotations-2.8.jar;C:\Users\hamid_raza\.m2\repository\io\opentelemetry\semconv\opentelemetry-semconv\1.23.1-alpha\opentelemetry-semconv-1.23.1-alpha.jar;C:\Users\hamid_raza\.m2\repository\io\opentelemetry\opentelemetry-api\1.34.1\opentelemetry-api-1.34.1.jar;C:\Users\hamid_raza\.m2\repository\io\opentelemetry\opentelemetry-context\1.34.1\opentelemetry-context-1.34.1.jar;C:\Users\hamid_raza\.m2\repository\io\opentelemetry\opentelemetry-exporter-logging\1.34.1\opentelemetry-exporter-logging-1.34.1.jar;C:\Users\hamid_raza\.m2\repository\io\opentelemetry\opentelemetry-sdk-common\1.34.1\opentelemetry-sdk-common-1.34.1.jar;C:\Users\hamid_raza\.m2\repository\io\opentelemetry\opentelemetry-sdk-extension-autoconfigure-spi\1.34.1\opentelemetry-sdk-extension-autoconfigure-spi-1.34.1.jar;C:\Users\hamid_raza\.m2\repository\io\opentelemetry\opentelemetry-sdk-extension-autoconfigure\1.34.1\opentelemetry-sdk-extension-autoconfigure-1.34.1.jar;C:\Users\hamid_raza\.m2\repository\io\opentelemetry\opentelemetry-api-events\1.34.1-alpha\opentelemetry-api-events-1.34.1-alpha.jar;C:\Users\hamid_raza\.m2\repository\io\opentelemetry\opentelemetry-sdk-trace\1.34.1\opentelemetry-sdk-trace-1.34.1.jar;C:\Users\hamid_raza\.m2\repository\io\opentelemetry\opentelemetry-sdk\1.34.1\opentelemetry-sdk-1.34.1.jar;C:\Users\hamid_raza\.m2\repository\io\opentelemetry\opentelemetry-sdk-metrics\1.34.1\opentelemetry-sdk-metrics-1.34.1.jar;C:\Users\hamid_raza\.m2\repository\io\opentelemetry\opentelemetry-extension-incubator\1.34.1-alpha\opentelemetry-extension-incubator-1.34.1-alpha.jar;C:\Users\hamid_raza\.m2\repository\io\opentelemetry\opentelemetry-sdk-logs\1.34.1\opentelemetry-sdk-logs-1.34.1.jar;C:\Users\hamid_raza\.m2\repository\net\bytebuddy\byte-buddy\1.14.11\byte-buddy-1.14.11.jar;C:\Users\hamid_raza\.m2\repository\org\seleniumhq\selenium\selenium-os\4.17.0\selenium-os-4.17.0.jar;C:\Users\hamid_raza\.m2\repository\org\apache\commons\commons-exec\1.3\commons-exec-1.3.jar;C:\Users\hamid_raza\.m2\repository\org\seleniumhq\selenium\selenium-safari-driver\4.17.0\selenium-safari-driver-4.17.0.jar;C:\Users\hamid_raza\.m2\repository\org\seleniumhq\selenium\selenium-support\4.17.0\selenium-support-4.17.0.jar;C:\Users\hamid_raza\.m2\repository\org\testng\testng\7.4.0\testng-7.4.0.jar;C:\Users\hamid_raza\.m2\repository\com\beust\jcommander\1.78\jcommander-1.78.jar;C:\Users\hamid_raza\.m2\repository\org\webjars\jquery\3.5.1\jquery-3.5.1.jar;C:\Users\hamid_raza\.m2\repository\org\apache\directory\studio\org.apache.commons.io\2.4\org.apache.commons.io-2.4.jar;C:\Users\hamid_raza\.m2\repository\commons-io\commons-io\2.4\commons-io-2.4.jar;C:\Users\hamid_raza\.m2\repository\tech\grasshopper\extentreports-cucumber7-adapter\1.9.2\extentreports-cucumber7-adapter-1.9.2.jar;C:\Users\hamid_raza\.m2\repository\tech\grasshopper\extent-pdf-report\2.9.1\extent-pdf-report-2.9.1.jar;C:\Users\hamid_raza\.m2\repository\tech\grasshopper\cucumber-pdf-report\2.11.1\cucumber-pdf-report-2.11.1.jar;C:\Users\hamid_raza\.m2\repository\org\apache\pdfbox\pdfbox\2.0.26\pdfbox-2.0.26.jar;C:\Users\hamid_raza\.m2\repository\org\apache\pdfbox\fontbox\2.0.26\fontbox-2.0.26.jar;C:\Users\hamid_raza\.m2\repository\org\knowm\xchart\xchart\3.8.0\xchart-3.8.0.jar;C:\Users\hamid_raza\.m2\repository\de\erichseifert\vectorgraphics2d\VectorGraphics2D\0.13\VectorGraphics2D-0.13.jar;C:\Users\hamid_raza\.m2\repository\de\rototor\pdfbox\graphics2d\0.30\graphics2d-0.30.jar;C:\Users\hamid_raza\.m2\repository\com\madgag\animated-gif-lib\1.4\animated-gif-lib-1.4.jar;C:\Users\hamid_raza\.m2\repository\org\yaml\snakeyaml\1.28\snakeyaml-1.28.jar;C:\Users\hamid_raza\.m2\repository\tech\grasshopper\table-layout\1.5.1\table-layout-1.5.1.jar;C:\Users\hamid_raza\.m2\repository\tech\grasshopper\rest-assured-cucumber-pdf-report\1.4.1\rest-assured-cucumber-pdf-report-1.4.1.jar;C:\Users\hamid_raza\.m2\repository\org\jsoup\jsoup\1.15.3\jsoup-1.15.3.jar;C:\Users\hamid_raza\.m2\repository\com\aventstack\klov-reporter\5.0.9\klov-reporter-5.0.9.jar;C:\Users\hamid_raza\.m2\repository\org\mongodb\mongodb-driver\3.6.4\mongodb-driver-3.6.4.jar;C:\Users\hamid_raza\.m2\repository\org\mongodb\mongodb-driver-core\3.6.4\mongodb-driver-core-3.6.4.jar;C:\Users\hamid_raza\.m2\repository\org\mongodb\bson\3.6.4\bson-3.6.4.jar;C:\Users\hamid_raza\.m2\repository\org\apache\httpcomponents\httpclient\4.5.13\httpclient-4.5.13.jar;C:\Users\hamid_raza\.m2\repository\org\apache\httpcomponents\httpcore\4.4.13\httpcore-4.4.13.jar;C:\Users\hamid_raza\.m2\repository\commons-logging\commons-logging\1.2\commons-logging-1.2.jar;C:\Users\hamid_raza\.m2\repository\commons-codec\commons-codec\1.11\commons-codec-1.11.jar;C:\Users\hamid_raza\.m2\repository\org\apache\httpcomponents\httpmime\4.5.13\httpmime-4.5.13.jar;C:\Users\hamid_raza\.m2\repository\tech\grasshopper\htmlextentreporter\1.0.1\htmlextentreporter-1.0.1.jar;C:\Users\hamid_raza\.m2\repository\org\projectlombok\lombok\1.18.28\lombok-1.18.28.jar;"/>
    <property name="java.vm.vendor" value="Eclipse Adoptium"/>
    <property name="sun.arch.data.model" value="64"/>
    <property name="user.variant" value=""/>
    <property name="java.vendor.url" value="https://adoptium.net/"/>
    <property name="user.timezone" value="Asia/Calcutta"/>
    <property name="os.name" value="Windows 11"/>
    <property name="java.vm.specification.version" value="17"/>
    <property name="sun.java.launcher" value="SUN_STANDARD"/>
    <property name="user.country" value="IN"/>
    <property name="sun.boot.library.path" value="C:\Users\hamid_raza\.p2\pool\plugins\org.eclipse.justj.openjdk.hotspot.jre.full.win32.x86_64_17.0.9.v20231028-0858\jre\bin"/>
    <property name="sun.java.command" value="C:\Users\hamid_raza\AppData\Local\Temp\surefire10324281453904524268\surefirebooter-20240402174127757_3.jar C:\Users\hamid_raza\AppData\Local\Temp\surefire10324281453904524268 2024-04-02T17-41-27_482-jvmRun1 surefire-20240402174127757_1tmp surefire_0-20240402174127757_2tmp"/>
    <property name="jdk.debug" value="release"/>
    <property name="surefire.test.class.path" value="C:\GitClones\CucuTestNGReportingProProject\NewProject\target\test-classes;C:\GitClones\CucuTestNGReportingProProject\NewProject\target\classes;C:\Users\hamid_raza\.m2\repository\io\cucumber\cucumber-java\7.15.0\cucumber-java-7.15.0.jar;C:\Users\hamid_raza\.m2\repository\io\cucumber\cucumber-core\7.15.0\cucumber-core-7.15.0.jar;C:\Users\hamid_raza\.m2\repository\io\cucumber\cucumber-gherkin\7.15.0\cucumber-gherkin-7.15.0.jar;C:\Users\hamid_raza\.m2\repository\io\cucumber\cucumber-gherkin-messages\7.15.0\cucumber-gherkin-messages-7.15.0.jar;C:\Users\hamid_raza\.m2\repository\io\cucumber\gherkin\26.2.0\gherkin-26.2.0.jar;C:\Users\hamid_raza\.m2\repository\io\cucumber\messages\22.0.0\messages-22.0.0.jar;C:\Users\hamid_raza\.m2\repository\io\cucumber\tag-expressions\6.0.0\tag-expressions-6.0.0.jar;C:\Users\hamid_raza\.m2\repository\io\cucumber\cucumber-expressions\17.0.1\cucumber-expressions-17.0.1.jar;C:\Users\hamid_raza\.m2\repository\io\cucumber\datatable\7.15.0\datatable-7.15.0.jar;C:\Users\hamid_raza\.m2\repository\io\cucumber\cucumber-plugin\7.15.0\cucumber-plugin-7.15.0.jar;C:\Users\hamid_raza\.m2\repository\io\cucumber\docstring\7.15.0\docstring-7.15.0.jar;C:\Users\hamid_raza\.m2\repository\io\cucumber\html-formatter\20.4.0\html-formatter-20.4.0.jar;C:\Users\hamid_raza\.m2\repository\io\cucumber\junit-xml-formatter\0.2.0\junit-xml-formatter-0.2.0.jar;C:\Users\hamid_raza\.m2\repository\io\cucumber\ci-environment\10.0.0\ci-environment-10.0.0.jar;C:\Users\hamid_raza\.m2\repository\org\apiguardian\apiguardian-api\1.1.2\apiguardian-api-1.1.2.jar;C:\Users\hamid_raza\.m2\repository\io\cucumber\cucumber-testng\7.15.0\cucumber-testng-7.15.0.jar;C:\Users\hamid_raza\.m2\repository\com\aventstack\extentreports\5.0.4\extentreports-5.0.4.jar;C:\Users\hamid_raza\.m2\repository\io\reactivex\rxjava3\rxjava\3.0.4\rxjava-3.0.4.jar;C:\Users\hamid_raza\.m2\repository\org\reactivestreams\reactive-streams\1.0.3\reactive-streams-1.0.3.jar;C:\Users\hamid_raza\.m2\repository\org\freemarker\freemarker\2.3.30\freemarker-2.3.30.jar;C:\Users\hamid_raza\.m2\repository\com\google\code\gson\gson\2.8.6\gson-2.8.6.jar;C:\Users\hamid_raza\.m2\repository\org\apache\logging\log4j\log4j-core\2.17.1\log4j-core-2.17.1.jar;C:\Users\hamid_raza\.m2\repository\org\apache\logging\log4j\log4j-api\2.17.1\log4j-api-2.17.1.jar;C:\Users\hamid_raza\.m2\repository\org\seleniumhq\selenium\selenium-java\4.17.0\selenium-java-4.17.0.jar;C:\Users\hamid_raza\.m2\repository\org\seleniumhq\selenium\selenium-api\4.17.0\selenium-api-4.17.0.jar;C:\Users\hamid_raza\.m2\repository\org\seleniumhq\selenium\selenium-chrome-driver\4.17.0\selenium-chrome-driver-4.17.0.jar;C:\Users\hamid_raza\.m2\repository\com\google\auto\service\auto-service-annotations\1.1.1\auto-service-annotations-1.1.1.jar;C:\Users\hamid_raza\.m2\repository\org\seleniumhq\selenium\selenium-chromium-driver\4.17.0\selenium-chromium-driver-4.17.0.jar;C:\Users\hamid_raza\.m2\repository\org\seleniumhq\selenium\selenium-json\4.17.0\selenium-json-4.17.0.jar;C:\Users\hamid_raza\.m2\repository\org\seleniumhq\selenium\selenium-manager\4.17.0\selenium-manager-4.17.0.jar;C:\Users\hamid_raza\.m2\repository\org\seleniumhq\selenium\selenium-devtools-v119\4.17.0\selenium-devtools-v119-4.17.0.jar;C:\Users\hamid_raza\.m2\repository\org\seleniumhq\selenium\selenium-devtools-v120\4.17.0\selenium-devtools-v120-4.17.0.jar;C:\Users\hamid_raza\.m2\repository\org\seleniumhq\selenium\selenium-devtools-v121\4.17.0\selenium-devtools-v121-4.17.0.jar;C:\Users\hamid_raza\.m2\repository\org\seleniumhq\selenium\selenium-devtools-v85\4.17.0\selenium-devtools-v85-4.17.0.jar;C:\Users\hamid_raza\.m2\repository\org\seleniumhq\selenium\selenium-edge-driver\4.17.0\selenium-edge-driver-4.17.0.jar;C:\Users\hamid_raza\.m2\repository\org\seleniumhq\selenium\selenium-firefox-driver\4.17.0\selenium-firefox-driver-4.17.0.jar;C:\Users\hamid_raza\.m2\repository\org\seleniumhq\selenium\selenium-http\4.17.0\selenium-http-4.17.0.jar;C:\Users\hamid_raza\.m2\repository\dev\failsafe\failsafe\3.3.2\failsafe-3.3.2.jar;C:\Users\hamid_raza\.m2\repository\org\seleniumhq\selenium\selenium-ie-driver\4.17.0\selenium-ie-driver-4.17.0.jar;C:\Users\hamid_raza\.m2\repository\org\seleniumhq\selenium\selenium-remote-driver\4.17.0\selenium-remote-driver-4.17.0.jar;C:\Users\hamid_raza\.m2\repository\com\google\guava\guava\33.0.0-jre\guava-33.0.0-jre.jar;C:\Users\hamid_raza\.m2\repository\com\google\guava\failureaccess\1.0.2\failureaccess-1.0.2.jar;C:\Users\hamid_raza\.m2\repository\com\google\guava\listenablefuture\9999.0-empty-to-avoid-conflict-with-guava\listenablefuture-9999.0-empty-to-avoid-conflict-with-guava.jar;C:\Users\hamid_raza\.m2\repository\com\google\code\findbugs\jsr305\3.0.2\jsr305-3.0.2.jar;C:\Users\hamid_raza\.m2\repository\org\checkerframework\checker-qual\3.41.0\checker-qual-3.41.0.jar;C:\Users\hamid_raza\.m2\repository\com\google\errorprone\error_prone_annotations\2.23.0\error_prone_annotations-2.23.0.jar;C:\Users\hamid_raza\.m2\repository\com\google\j2objc\j2objc-annotations\2.8\j2objc-annotations-2.8.jar;C:\Users\hamid_raza\.m2\repository\io\opentelemetry\semconv\opentelemetry-semconv\1.23.1-alpha\opentelemetry-semconv-1.23.1-alpha.jar;C:\Users\hamid_raza\.m2\repository\io\opentelemetry\opentelemetry-api\1.34.1\opentelemetry-api-1.34.1.jar;C:\Users\hamid_raza\.m2\repository\io\opentelemetry\opentelemetry-context\1.34.1\opentelemetry-context-1.34.1.jar;C:\Users\hamid_raza\.m2\repository\io\opentelemetry\opentelemetry-exporter-logging\1.34.1\opentelemetry-exporter-logging-1.34.1.jar;C:\Users\hamid_raza\.m2\repository\io\opentelemetry\opentelemetry-sdk-common\1.34.1\opentelemetry-sdk-common-1.34.1.jar;C:\Users\hamid_raza\.m2\repository\io\opentelemetry\opentelemetry-sdk-extension-autoconfigure-spi\1.34.1\opentelemetry-sdk-extension-autoconfigure-spi-1.34.1.jar;C:\Users\hamid_raza\.m2\repository\io\opentelemetry\opentelemetry-sdk-extension-autoconfigure\1.34.1\opentelemetry-sdk-extension-autoconfigure-1.34.1.jar;C:\Users\hamid_raza\.m2\repository\io\opentelemetry\opentelemetry-api-events\1.34.1-alpha\opentelemetry-api-events-1.34.1-alpha.jar;C:\Users\hamid_raza\.m2\repository\io\opentelemetry\opentelemetry-sdk-trace\1.34.1\opentelemetry-sdk-trace-1.34.1.jar;C:\Users\hamid_raza\.m2\repository\io\opentelemetry\opentelemetry-sdk\1.34.1\opentelemetry-sdk-1.34.1.jar;C:\Users\hamid_raza\.m2\repository\io\opentelemetry\opentelemetry-sdk-metrics\1.34.1\opentelemetry-sdk-metrics-1.34.1.jar;C:\Users\hamid_raza\.m2\repository\io\opentelemetry\opentelemetry-extension-incubator\1.34.1-alpha\opentelemetry-extension-incubator-1.34.1-alpha.jar;C:\Users\hamid_raza\.m2\repository\io\opentelemetry\opentelemetry-sdk-logs\1.34.1\opentelemetry-sdk-logs-1.34.1.jar;C:\Users\hamid_raza\.m2\repository\net\bytebuddy\byte-buddy\1.14.11\byte-buddy-1.14.11.jar;C:\Users\hamid_raza\.m2\repository\org\seleniumhq\selenium\selenium-os\4.17.0\selenium-os-4.17.0.jar;C:\Users\hamid_raza\.m2\repository\org\apache\commons\commons-exec\1.3\commons-exec-1.3.jar;C:\Users\hamid_raza\.m2\repository\org\seleniumhq\selenium\selenium-safari-driver\4.17.0\selenium-safari-driver-4.17.0.jar;C:\Users\hamid_raza\.m2\repository\org\seleniumhq\selenium\selenium-support\4.17.0\selenium-support-4.17.0.jar;C:\Users\hamid_raza\.m2\repository\org\testng\testng\7.4.0\testng-7.4.0.jar;C:\Users\hamid_raza\.m2\repository\com\beust\jcommander\1.78\jcommander-1.78.jar;C:\Users\hamid_raza\.m2\repository\org\webjars\jquery\3.5.1\jquery-3.5.1.jar;C:\Users\hamid_raza\.m2\repository\org\apache\directory\studio\org.apache.commons.io\2.4\org.apache.commons.io-2.4.jar;C:\Users\hamid_raza\.m2\repository\commons-io\commons-io\2.4\commons-io-2.4.jar;C:\Users\hamid_raza\.m2\repository\tech\grasshopper\extentreports-cucumber7-adapter\1.9.2\extentreports-cucumber7-adapter-1.9.2.jar;C:\Users\hamid_raza\.m2\repository\tech\grasshopper\extent-pdf-report\2.9.1\extent-pdf-report-2.9.1.jar;C:\Users\hamid_raza\.m2\repository\tech\grasshopper\cucumber-pdf-report\2.11.1\cucumber-pdf-report-2.11.1.jar;C:\Users\hamid_raza\.m2\repository\org\apache\pdfbox\pdfbox\2.0.26\pdfbox-2.0.26.jar;C:\Users\hamid_raza\.m2\repository\org\apache\pdfbox\fontbox\2.0.26\fontbox-2.0.26.jar;C:\Users\hamid_raza\.m2\repository\org\knowm\xchart\xchart\3.8.0\xchart-3.8.0.jar;C:\Users\hamid_raza\.m2\repository\de\erichseifert\vectorgraphics2d\VectorGraphics2D\0.13\VectorGraphics2D-0.13.jar;C:\Users\hamid_raza\.m2\repository\de\rototor\pdfbox\graphics2d\0.30\graphics2d-0.30.jar;C:\Users\hamid_raza\.m2\repository\com\madgag\animated-gif-lib\1.4\animated-gif-lib-1.4.jar;C:\Users\hamid_raza\.m2\repository\org\yaml\snakeyaml\1.28\snakeyaml-1.28.jar;C:\Users\hamid_raza\.m2\repository\tech\grasshopper\table-layout\1.5.1\table-layout-1.5.1.jar;C:\Users\hamid_raza\.m2\repository\tech\grasshopper\rest-assured-cucumber-pdf-report\1.4.1\rest-assured-cucumber-pdf-report-1.4.1.jar;C:\Users\hamid_raza\.m2\repository\org\jsoup\jsoup\1.15.3\jsoup-1.15.3.jar;C:\Users\hamid_raza\.m2\repository\com\aventstack\klov-reporter\5.0.9\klov-reporter-5.0.9.jar;C:\Users\hamid_raza\.m2\repository\org\mongodb\mongodb-driver\3.6.4\mongodb-driver-3.6.4.jar;C:\Users\hamid_raza\.m2\repository\org\mongodb\mongodb-driver-core\3.6.4\mongodb-driver-core-3.6.4.jar;C:\Users\hamid_raza\.m2\repository\org\mongodb\bson\3.6.4\bson-3.6.4.jar;C:\Users\hamid_raza\.m2\repository\org\apache\httpcomponents\httpclient\4.5.13\httpclient-4.5.13.jar;C:\Users\hamid_raza\.m2\repository\org\apache\httpcomponents\httpcore\4.4.13\httpcore-4.4.13.jar;C:\Users\hamid_raza\.m2\repository\commons-logging\commons-logging\1.2\commons-logging-1.2.jar;C:\Users\hamid_raza\.m2\repository\commons-codec\commons-codec\1.11\commons-codec-1.11.jar;C:\Users\hamid_raza\.m2\repository\org\apache\httpcomponents\httpmime\4.5.13\httpmime-4.5.13.jar;C:\Users\hamid_raza\.m2\repository\tech\grasshopper\htmlextentreporter\1.0.1\htmlextentreporter-1.0.1.jar;C:\Users\hamid_raza\.m2\repository\org\projectlombok\lombok\1.18.28\lombok-1.18.28.jar;"/>
    <property name="sun.cpu.endian" value="little"/>
    <property name="user.home" value="C:\Users\hamid_raza"/>
    <property name="user.language" value="en"/>
    <property name="java.specification.vendor" value="Oracle Corporation"/>
    <property name="java.version.date" value="2023-10-17"/>
    <property name="java.home" value="C:\Users\hamid_raza\.p2\pool\plugins\org.eclipse.justj.openjdk.hotspot.jre.full.win32.x86_64_17.0.9.v20231028-0858\jre"/>
    <property name="file.separator" value="\"/>
    <property name="style.color" value="always"/>
    <property name="basedir" value="C:\GitClones\CucuTestNGReportingProProject\NewProject"/>
    <property name="java.vm.compressedOopsMode" value="Zero based"/>
    <property name="line.separator" value="&#10;"/>
    <property name="java.vm.specification.vendor" value="Oracle Corporation"/>
    <property name="java.specification.name" value="Java Platform API Specification"/>
    <property name="surefire.real.class.path" value="C:\Users\hamid_raza\AppData\Local\Temp\surefire10324281453904524268\surefirebooter-20240402174127757_3.jar"/>
    <property name="user.script" value=""/>
    <property name="sun.management.compiler" value="HotSpot 64-Bit Tiered Compilers"/>
    <property name="java.runtime.version" value="17.0.9+9"/>
    <property name="user.name" value="hamid_raza"/>
    <property name="path.separator" value=";"/>
    <property name="os.version" value="10.0"/>
    <property name="java.runtime.name" value="OpenJDK Runtime Environment"/>
    <property name="file.encoding" value="Cp1252"/>
    <property name="java.vm.name" value="OpenJDK 64-Bit Server VM"/>
    <property name="java.vendor.version" value="Temurin-17.0.9+9"/>
    <property name="localRepository" value="C:\Users\hamid_raza\.m2\repository"/>
    <property name="java.vendor.url.bug" value="https://github.com/adoptium/adoptium-support/issues"/>
    <property name="java.io.tmpdir" value="C:\Users\HAMID_~1\AppData\Local\Temp\"/>
    <property name="java.version" value="17.0.9"/>
    <property name="user.dir" value="C:\GitClones\CucuTestNGReportingProProject\NewProject"/>
    <property name="os.arch" value="amd64"/>
    <property name="java.vm.specification.name" value="Java Virtual Machine Specification"/>
    <property name="sun.os.patch.level" value=""/>
    <property name="native.encoding" value="Cp1252"/>
    <property name="java.library.path" value="C:\Users\hamid_raza\.p2\pool\plugins\org.eclipse.justj.openjdk.hotspot.jre.full.win32.x86_64_17.0.9.v20231028-0858\jre\bin;C:\Windows\Sun\Java\bin;C:\Windows\system32;C:\Windows;C:/Users/hamid_raza/.p2/pool/plugins/org.eclipse.justj.openjdk.hotspot.jre.full.win32.x86_64_17.0.9.v20231028-0858/jre/bin/server;C:/Users/hamid_raza/.p2/pool/plugins/org.eclipse.justj.openjdk.hotspot.jre.full.win32.x86_64_17.0.9.v20231028-0858/jre/bin;C:\Program Files\Common Files\Oracle\Java\javapath;C:\Windows\system32;C:\Windows;C:\Windows\System32\Wbem;C:\Windows\System32\WindowsPowerShell\v1.0\;C:\Windows\System32\OpenSSH\;C:\Program Files\Git\cmd;C:\Program Files\dotnet\;C:\Users\hamid_raza\AppData\Local\Microsoft\WindowsApps;C:\Program Files\apache-maven-3.9.6\bin;C:\Program Files\gradle-7.6.4\bin;;C:\Windows\system32;;."/>
    <property name="java.vm.info" value="mixed mode"/>
    <property name="java.vendor" value="Eclipse Adoptium"/>
    <property name="java.vm.version" value="17.0.9+9"/>
    <property name="sun.io.unicode.encoding" value="UnicodeLittle"/>
    <property name="java.class.version" value="61.0"/>
  </properties>
  <testcase name="runScenario[&quot;Testing params in steps&quot;, &quot;Login feature&quot;](6)" classname="com.app.runner.CucumberRunnerTestsDB" time="0.516">
    <system-out><![CDATA[
@testParams @DB @tag1
Scenario Outline: Testing params in steps         # src/test/resources/features/DBFeatures.feature:27

@testParams @DB @tag1
Scenario Outline: Testing params in steps         # src/test/resources/features/DBFeatures.feature:26

@testParams @DB @tag1
Scenario Outline: Testing params in steps         # src/test/resources/features/DBFeatures.feature:28

@testParams @DB @tag1
Scenario Outline: Testing params in steps         # src/test/resources/features/DBFeatures.feature:29

@testParams @DB @tag1
Scenario Outline: Testing params in steps         # src/test/resources/features/DBFeatures.feature:23

@testParams @DB @tag1
Scenario Outline: Testing params in steps         # src/test/resources/features/DBFeatures.feature:25

@testParams @DB @tag1
Scenario Outline: Testing params in steps         # src/test/resources/features/DBFeatures.feature:24

@testParams @DB @tag1
Scenario Outline: Testing params in steps         # src/test/resources/features/DBFeatures.feature:30

@testParams @DB @tag1
Scenario: Testing params in steps               # src/test/resources/features/DBFeatures.feature:4

@testParams @DB @tag1
Scenario Outline: Testing params in steps         # src/test/resources/features/DBFeatures.feature:31
[INFO ] 2024-04-02 17:41:29.923 [TestNG-PoolService-7] ApplicationHooks - ***************Initiate dB Connection***************
[INFO ] 2024-04-02 17:41:29.923 [TestNG-PoolService-2] ApplicationHooks - ***************Initiate dB Connection***************
[INFO ] 2024-04-02 17:41:29.923 [TestNG-PoolService-1] ApplicationHooks - ***************Initiate dB Connection***************
[INFO ] 2024-04-02 17:41:29.923 [TestNG-PoolService-5] ApplicationHooks - ***************Initiate dB Connection***************
[INFO ] 2024-04-02 17:41:29.923 [TestNG-PoolService-3] ApplicationHooks - ***************Initiate dB Connection***************
[INFO ] 2024-04-02 17:41:29.923 [TestNG-PoolService-9] ApplicationHooks - ***************Initiate dB Connection***************
[INFO ] 2024-04-02 17:41:29.923 [TestNG-PoolService-0] ApplicationHooks - ***************Initiate dB Connection***************
[INFO ] 2024-04-02 17:41:29.923 [TestNG-PoolService-4] ApplicationHooks - ***************Initiate dB Connection***************
[INFO ] 2024-04-02 17:41:29.923 [TestNG-PoolService-6] ApplicationHooks - ***************Initiate dB Connection***************
[INFO ] 2024-04-02 17:41:29.923 [TestNG-PoolService-8] ApplicationHooks - ***************Initiate dB Connection***************
[INFO ] 2024-04-02 17:41:29.931 [TestNG-PoolService-4] LoginPageStepDef - BeforeStep
[INFO ] 2024-04-02 17:41:29.931 [TestNG-PoolService-0] LoginPageStepDef - BeforeStep
[INFO ] 2024-04-02 17:41:29.932 [TestNG-PoolService-3] LoginPageStepDef - BeforeStep
[INFO ] 2024-04-02 17:41:29.931 [TestNG-PoolService-6] LoginPageStepDef - BeforeStep
[INFO ] 2024-04-02 17:41:29.932 [TestNG-PoolService-7] LoginPageStepDef - BeforeStep
[INFO ] 2024-04-02 17:41:29.931 [TestNG-PoolService-9] LoginPageStepDef - BeforeStep
[INFO ] 2024-04-02 17:41:29.932 [TestNG-PoolService-5] LoginPageStepDef - BeforeStep
[INFO ] 2024-04-02 17:41:29.932 [TestNG-PoolService-2] LoginPageStepDef - BeforeStep
[INFO ] 2024-04-02 17:41:29.931 [TestNG-PoolService-1] LoginPageStepDef - BeforeStep
[INFO ] 2024-04-02 17:41:29.932 [TestNG-PoolService-8] LoginPageStepDef - BeforeStep
[INFO ] 2024-04-02 17:41:29.935 [TestNG-PoolService-9] MoneyCtrlPageStepDef - BeforeStep
[INFO ] 2024-04-02 17:41:29.935 [TestNG-PoolService-7] MoneyCtrlPageStepDef - BeforeStep
[INFO ] 2024-04-02 17:41:29.935 [TestNG-PoolService-0] MoneyCtrlPageStepDef - BeforeStep
[INFO ] 2024-04-02 17:41:29.936 [TestNG-PoolService-8] MoneyCtrlPageStepDef - BeforeStep
[INFO ] 2024-04-02 17:41:29.936 [TestNG-PoolService-1] MoneyCtrlPageStepDef - BeforeStep
[INFO ] 2024-04-02 17:41:29.936 [TestNG-PoolService-4] MoneyCtrlPageStepDef - BeforeStep
[INFO ] 2024-04-02 17:41:29.941 [TestNG-PoolService-3] MoneyCtrlPageStepDef - BeforeStep
[INFO ] 2024-04-02 17:41:29.941 [TestNG-PoolService-2] MoneyCtrlPageStepDef - BeforeStep
[INFO ] 2024-04-02 17:41:29.941 [TestNG-PoolService-5] MoneyCtrlPageStepDef - BeforeStep
[INFO ] 2024-04-02 17:41:29.944 [TestNG-PoolService-6] MoneyCtrlPageStepDef - BeforeStep
Expected: 180, Actual: 180; Verify: true
Expected: 180, Actual: 180; Verify: true
Expected: 180, Actual: 180; Verify: true
Expected: 180, Actual: 180; Verify: true
Expected: 180, Actual: 180; Verify: true
Expected: 180, Actual: 180; Verify: true
Expected: 180, Actual: 180; Verify: true
Expected: 180, Actual: 180; Verify: true
Expected: 180, Actual: 180; Verify: true
Expected: 99, Actual: 99; Verify: true
[INFO ] 2024-04-02 17:41:29.954 [TestNG-PoolService-4] dbOpsStepDefAPI - Multiplication of numbers Number 1: 12; Number 2: 15 is: 180
[INFO ] 2024-04-02 17:41:29.954 [TestNG-PoolService-3] dbOpsStepDefAPI - Multiplication of numbers Number 1: 12; Number 2: 15 is: 180
[INFO ] 2024-04-02 17:41:29.954 [TestNG-PoolService-9] dbOpsStepDefAPI - Multiplication of numbers Number 1: 12; Number 2: 15 is: 180
[INFO ] 2024-04-02 17:41:29.954 [TestNG-PoolService-5] dbOpsStepDefAPI - Multiplication of numbers Number 1: 12; Number 2: 15 is: 180
  Then user multiplies "12" and "15" verify "180" # void com.app.stepDefs.dbOpsStepDefAPI.userMultipliesTwoNumbers(java.lang.String,java.lang.String,java.lang.String)
[INFO ] 2024-04-02 17:41:29.954 [TestNG-PoolService-6] dbOpsStepDefAPI - Multiplication of numbers Number 1: 12; Number 2: 15 is: 180
[INFO ] 2024-04-02 17:41:29.954 [TestNG-PoolService-7] dbOpsStepDefAPI - Multiplication of numbers Number 1: 12; Number 2: 15 is: 180
[INFO ] 2024-04-02 17:41:29.954 [TestNG-PoolService-0] dbOpsStepDefAPI - Multiplication of numbers Number 1: 33; Number 2: 3 is: 99
[INFO ] 2024-04-02 17:41:29.954 [TestNG-PoolService-2] dbOpsStepDefAPI - Multiplication of numbers Number 1: 12; Number 2: 15 is: 180
  Then user multiplies "33" and "3" verify "99" # void com.app.stepDefs.dbOpsStepDefAPI.userMultipliesTwoNumbers(java.lang.String,java.lang.String,java.lang.String)
[INFO ] 2024-04-02 17:41:29.954 [TestNG-PoolService-8] dbOpsStepDefAPI - Multiplication of numbers Number 1: 12; Number 2: 15 is: 180
[INFO ] 2024-04-02 17:41:29.954 [TestNG-PoolService-1] dbOpsStepDefAPI - Multiplication of numbers Number 1: 12; Number 2: 15 is: 180
  Then user multiplies "12" and "15" verify "180" # void com.app.stepDefs.dbOpsStepDefAPI.userMultipliesTwoNumbers(java.lang.String,java.lang.String,java.lang.String)
  Then user multiplies "12" and "15" verify "180" # void com.app.stepDefs.dbOpsStepDefAPI.userMultipliesTwoNumbers(java.lang.String,java.lang.String,java.lang.String)
  Then user multiplies "12" and "15" verify "180" # void com.app.stepDefs.dbOpsStepDefAPI.userMultipliesTwoNumbers(java.lang.String,java.lang.String,java.lang.String)
  Then user multiplies "12" and "15" verify "180" # void com.app.stepDefs.dbOpsStepDefAPI.userMultipliesTwoNumbers(java.lang.String,java.lang.String,java.lang.String)
  Then user multiplies "12" and "15" verify "180" # void com.app.stepDefs.dbOpsStepDefAPI.userMultipliesTwoNumbers(java.lang.String,java.lang.String,java.lang.String)
  Then user multiplies "12" and "15" verify "180" # void com.app.stepDefs.dbOpsStepDefAPI.userMultipliesTwoNumbers(java.lang.String,java.lang.String,java.lang.String)
[INFO ] 2024-04-02 17:41:29.956 [TestNG-PoolService-4] LoginPageStepDef - BeforeStep
[INFO ] 2024-04-02 17:41:29.956 [TestNG-PoolService-6] LoginPageStepDef - BeforeStep
  Then user multiplies "12" and "15" verify "180" # void com.app.stepDefs.dbOpsStepDefAPI.userMultipliesTwoNumbers(java.lang.String,java.lang.String,java.lang.String)
[INFO ] 2024-04-02 17:41:29.956 [TestNG-PoolService-7] LoginPageStepDef - BeforeStep
  Then user multiplies "12" and "15" verify "180" # void com.app.stepDefs.dbOpsStepDefAPI.userMultipliesTwoNumbers(java.lang.String,java.lang.String,java.lang.String)
[INFO ] 2024-04-02 17:41:29.957 [TestNG-PoolService-0] LoginPageStepDef - BeforeStep
[INFO ] 2024-04-02 17:41:29.957 [TestNG-PoolService-1] LoginPageStepDef - BeforeStep
[INFO ] 2024-04-02 17:41:29.958 [TestNG-PoolService-5] LoginPageStepDef - BeforeStep
[INFO ] 2024-04-02 17:41:29.958 [TestNG-PoolService-4] MoneyCtrlPageStepDef - BeforeStep
[INFO ] 2024-04-02 17:41:29.959 [TestNG-PoolService-8] LoginPageStepDef - BeforeStep
[INFO ] 2024-04-02 17:41:29.959 [TestNG-PoolService-2] LoginPageStepDef - BeforeStep
[INFO ] 2024-04-02 17:41:29.959 [TestNG-PoolService-3] LoginPageStepDef - BeforeStep
[INFO ] 2024-04-02 17:41:29.959 [TestNG-PoolService-7] MoneyCtrlPageStepDef - BeforeStep
[INFO ] 2024-04-02 17:41:29.959 [TestNG-PoolService-0] MoneyCtrlPageStepDef - BeforeStep
[INFO ] 2024-04-02 17:41:29.960 [TestNG-PoolService-1] MoneyCtrlPageStepDef - BeforeStep
[INFO ] 2024-04-02 17:41:29.960 [TestNG-PoolService-9] LoginPageStepDef - BeforeStep
Expected: 357, Actual: 357; Verify: true
[INFO ] 2024-04-02 17:41:29.960 [TestNG-PoolService-1] dbOpsStepDefAPI - Multiplication of numbers Number 1: 21; Number 2: 17 is: 357
[INFO ] 2024-04-02 17:41:29.960 [TestNG-PoolService-5] MoneyCtrlPageStepDef - BeforeStep
Expected: 441, Actual: 441; Verify: true
[INFO ] 2024-04-02 17:41:29.961 [TestNG-PoolService-4] dbOpsStepDefAPI - Multiplication of numbers Number 1: 21; Number 2: 21 is: 441
[INFO ] 2024-04-02 17:41:29.961 [TestNG-PoolService-6] MoneyCtrlPageStepDef - BeforeStep
[INFO ] 2024-04-02 17:41:29.962 [TestNG-PoolService-8] MoneyCtrlPageStepDef - BeforeStep
  Then user multiplies "21" and "21" verify "441" # void com.app.stepDefs.dbOpsStepDefAPI.userMultipliesTwoNumbers(java.lang.String,java.lang.String,java.lang.String)
[INFO ] 2024-04-02 17:41:29.962 [TestNG-PoolService-3] MoneyCtrlPageStepDef - BeforeStep
  Then user multiplies "21" and "17" verify "357" # void com.app.stepDefs.dbOpsStepDefAPI.userMultipliesTwoNumbers(java.lang.String,java.lang.String,java.lang.String)
[INFO ] 2024-04-02 17:41:29.963 [TestNG-PoolService-1] ApplicationHooks - ***************CLOSE dB Connection***************
Expected: 121, Actual: 121; Verify: true
[INFO ] 2024-04-02 17:41:29.963 [TestNG-PoolService-5] dbOpsStepDefAPI - Multiplication of numbers Number 1: 11; Number 2: 11 is: 121
  Then tests pipe separated params              # com.app.stepDefs.dbOpsStepDefAPI.testsPipeSeparatedParams(io.cucumber.datatable.DataTable)
    | Hello |
    | My    |
    | Name  |
    | Is    |
    | Mr    |
    | Hamid |
    | Raza  |
Expected: 374, Actual: 374; Verify: true
[INFO ] 2024-04-02 17:41:29.966 [TestNG-PoolService-7] dbOpsStepDefAPI - Multiplication of numbers Number 1: 22; Number 2: 17 is: 374
[INFO ] 2024-04-02 17:41:29.966 [TestNG-PoolService-4] ApplicationHooks - ***************CLOSE dB Connection***************
Expected: 88, Actual: 88; Verify: true
[INFO ] 2024-04-02 17:41:29.966 [TestNG-PoolService-6] dbOpsStepDefAPI - Multiplication of numbers Number 1: 4; Number 2: 22 is: 88
[INFO ] 2024-04-02 17:41:29.967 [TestNG-PoolService-2] MoneyCtrlPageStepDef - BeforeStep
  Then user multiplies "22" and "17" verify "374" # void com.app.stepDefs.dbOpsStepDefAPI.userMultipliesTwoNumbers(java.lang.String,java.lang.String,java.lang.String)
  Then user multiplies "11" and "11" verify "121" # void com.app.stepDefs.dbOpsStepDefAPI.userMultipliesTwoNumbers(java.lang.String,java.lang.String,java.lang.String)
[INFO ] 2024-04-02 17:41:29.968 [TestNG-PoolService-9] MoneyCtrlPageStepDef - BeforeStep
[INFO ] 2024-04-02 17:41:29.968 [TestNG-PoolService-5] ApplicationHooks - ***************CLOSE dB Connection***************
Expected: 180, Actual: 180; Verify: true
[INFO ] 2024-04-02 17:41:29.968 [TestNG-PoolService-3] dbOpsStepDefAPI - Multiplication of numbers Number 1: 12; Number 2: 15 is: 180
Expected: 572, Actual: 572; Verify: true
  Then user multiplies "4" and "22" verify "88"   # void com.app.stepDefs.dbOpsStepDefAPI.userMultipliesTwoNumbers(java.lang.String,java.lang.String,java.lang.String)
[INFO ] 2024-04-02 17:41:29.969 [TestNG-PoolService-8] dbOpsStepDefAPI - Multiplication of numbers Number 1: 52; Number 2: 11 is: 572
  Then user multiplies "52" and "11" verify "572" # void com.app.stepDefs.dbOpsStepDefAPI.userMultipliesTwoNumbers(java.lang.String,java.lang.String,java.lang.String)
  Then user multiplies "12" and "15" verify "180" # void com.app.stepDefs.dbOpsStepDefAPI.userMultipliesTwoNumbers(java.lang.String,java.lang.String,java.lang.String)
[INFO ] 2024-04-02 17:41:29.969 [TestNG-PoolService-3] ApplicationHooks - ***************CLOSE dB Connection***************
Expected: 561, Actual: 561; Verify: true
[INFO ] 2024-04-02 17:41:29.970 [TestNG-PoolService-2] dbOpsStepDefAPI - Multiplication of numbers Number 1: 51; Number 2: 11 is: 561
[INFO ] 2024-04-02 17:41:29.970 [TestNG-PoolService-0] ApplicationHooks - ***************CLOSE dB Connection***************
  Then user multiplies "51" and "11" verify "561" # void com.app.stepDefs.dbOpsStepDefAPI.userMultipliesTwoNumbers(java.lang.String,java.lang.String,java.lang.String)
[INFO ] 2024-04-02 17:41:29.970 [TestNG-PoolService-7] ApplicationHooks - ***************CLOSE dB Connection***************
[INFO ] 2024-04-02 17:41:29.971 [TestNG-PoolService-8] ApplicationHooks - ***************CLOSE dB Connection***************
[INFO ] 2024-04-02 17:41:29.971 [TestNG-PoolService-2] ApplicationHooks - ***************CLOSE dB Connection***************
Expected: 195, Actual: 195; Verify: true
[INFO ] 2024-04-02 17:41:29.971 [TestNG-PoolService-9] dbOpsStepDefAPI - Multiplication of numbers Number 1: 13; Number 2: 15 is: 195
[INFO ] 2024-04-02 17:41:29.972 [TestNG-PoolService-6] ApplicationHooks - ***************CLOSE dB Connection***************
  Then user multiplies "13" and "15" verify "195" # void com.app.stepDefs.dbOpsStepDefAPI.userMultipliesTwoNumbers(java.lang.String,java.lang.String,java.lang.String)
[INFO ] 2024-04-02 17:41:29.972 [TestNG-PoolService-9] ApplicationHooks - ***************CLOSE dB Connection***************
]]></system-out>
  </testcase>
  <testcase name="runScenario[&quot;Testing params in steps&quot;, &quot;Login feature&quot;](6)" classname="com.app.runner.CucumberRunnerTestsDB" time="0.517"/>
  <testcase name="runScenario[&quot;Testing params in steps&quot;, &quot;Login feature&quot;](6)" classname="com.app.runner.CucumberRunnerTestsDB" time="0.517"/>
  <testcase name="runScenario[&quot;Testing params in steps&quot;, &quot;Login feature&quot;](6)" classname="com.app.runner.CucumberRunnerTestsDB" time="0.518"/>
  <testcase name="runScenario[&quot;Testing params in steps&quot;, &quot;Login feature&quot;](6)" classname="com.app.runner.CucumberRunnerTestsDB" time="0.001"/>
  <testcase name="runScenario[&quot;Testing params in steps&quot;, &quot;Login feature&quot;](6)" classname="com.app.runner.CucumberRunnerTestsDB" time="0.001"/>
  <testcase name="runScenario[&quot;Testing params in steps&quot;, &quot;Login feature&quot;](8)" classname="com.app.runner.CucumberRunnerTestsDB" time="0.517"/>
  <testcase name="runScenario[&quot;Testing params in steps&quot;, &quot;Login feature&quot;](9)" classname="com.app.runner.CucumberRunnerTestsDB" time="0"/>
  <testcase name="runScenario[&quot;Testing params in steps&quot;, &quot;Login feature&quot;](10)" classname="com.app.runner.CucumberRunnerTestsDB" time="0.001">
    <system-out><![CDATA[
@testParams @DB @tag1
Scenario Outline: Testing params in steps         # src/test/resources/features/DBFeatures.feature:34
]]></system-out>
  </testcase>
  <testcase name="runScenario[&quot;Testing params in steps&quot;, &quot;Login feature&quot;](7)" classname="com.app.runner.CucumberRunnerTestsDB" time="0.001"/>
  <testcase name="runScenario[&quot;Testing params in steps&quot;, &quot;Login feature&quot;](11)" classname="com.app.runner.CucumberRunnerTestsDB" time="0.002">
    <system-out><![CDATA[[INFO ] 2024-04-02 17:41:29.979 [TestNG-PoolService-0] ApplicationHooks - ***************Initiate dB Connection***************
[INFO ] 2024-04-02 17:41:29.979 [TestNG-PoolService-0] LoginPageStepDef - BeforeStep

@testParams @DB @tag1
Scenario Outline: Testing params in steps         # src/test/resources/features/DBFeatures.feature:32
[INFO ] 2024-04-02 17:41:29.981 [TestNG-PoolService-3] ApplicationHooks - ***************Initiate dB Connection***************
[INFO ] 2024-04-02 17:41:29.981 [TestNG-PoolService-0] MoneyCtrlPageStepDef - BeforeStep
[INFO ] 2024-04-02 17:41:29.981 [TestNG-PoolService-3] LoginPageStepDef - BeforeStep
Expected: 180, Actual: 180; Verify: true
[INFO ] 2024-04-02 17:41:29.982 [TestNG-PoolService-0] dbOpsStepDefAPI - Multiplication of numbers Number 1: 12; Number 2: 15 is: 180
[INFO ] 2024-04-02 17:41:29.982 [TestNG-PoolService-3] MoneyCtrlPageStepDef - BeforeStep
  Then user multiplies "12" and "15" verify "180" # void com.app.stepDefs.dbOpsStepDefAPI.userMultipliesTwoNumbers(java.lang.String,java.lang.String,java.lang.String)
[INFO ] 2024-04-02 17:41:29.983 [TestNG-PoolService-0] LoginPageStepDef - BeforeStep
[INFO ] 2024-04-02 17:41:29.984 [TestNG-PoolService-0] MoneyCtrlPageStepDef - BeforeStep
Expected: 180, Actual: 180; Verify: true
[INFO ] 2024-04-02 17:41:29.984 [TestNG-PoolService-3] dbOpsStepDefAPI - Multiplication of numbers Number 1: 12; Number 2: 15 is: 180
  Then user multiplies "12" and "15" verify "180" # void com.app.stepDefs.dbOpsStepDefAPI.userMultipliesTwoNumbers(java.lang.String,java.lang.String,java.lang.String)
Expected: 990, Actual: 990; Verify: true
[INFO ] 2024-04-02 17:41:29.985 [TestNG-PoolService-0] dbOpsStepDefAPI - Multiplication of numbers Number 1: 45; Number 2: 22 is: 990
  Then user multiplies "45" and "22" verify "990" # void com.app.stepDefs.dbOpsStepDefAPI.userMultipliesTwoNumbers(java.lang.String,java.lang.String,java.lang.String)
[INFO ] 2024-04-02 17:41:29.985 [TestNG-PoolService-3] LoginPageStepDef - BeforeStep
[INFO ] 2024-04-02 17:41:29.985 [TestNG-PoolService-0] ApplicationHooks - ***************CLOSE dB Connection***************
[INFO ] 2024-04-02 17:41:29.986 [TestNG-PoolService-3] MoneyCtrlPageStepDef - BeforeStep
Expected: 546, Actual: 546; Verify: true
[INFO ] 2024-04-02 17:41:29.986 [TestNG-PoolService-3] dbOpsStepDefAPI - Multiplication of numbers Number 1: 26; Number 2: 21 is: 546
  Then user multiplies "26" and "21" verify "546" # void com.app.stepDefs.dbOpsStepDefAPI.userMultipliesTwoNumbers(java.lang.String,java.lang.String,java.lang.String)
]]></system-out>
  </testcase>
  <testcase name="runScenario[&quot;Testing params in steps&quot;, &quot;Login feature&quot;](12)" classname="com.app.runner.CucumberRunnerTestsDB" time="0.004">
    <system-out><![CDATA[[INFO ] 2024-04-02 17:41:29.988 [TestNG-PoolService-3] ApplicationHooks - ***************CLOSE dB Connection***************
]]></system-out>
  </testcase>
  <testcase name="runScenario[&quot;Testing params in steps&quot;, &quot;Login feature&quot;](13)" classname="com.app.runner.CucumberRunnerTestsDB" time="0.009">
    <system-out><![CDATA[
@testParams @DB @tag1
Scenario Outline: Testing params in steps         # src/test/resources/features/DBFeatures.feature:33
[INFO ] 2024-04-02 17:41:29.989 [TestNG-PoolService-2] ApplicationHooks - ***************Initiate dB Connection***************
[INFO ] 2024-04-02 17:41:29.990 [TestNG-PoolService-2] LoginPageStepDef - BeforeStep
[INFO ] 2024-04-02 17:41:29.991 [TestNG-PoolService-2] MoneyCtrlPageStepDef - BeforeStep
Expected: 180, Actual: 180; Verify: true
[INFO ] 2024-04-02 17:41:29.991 [TestNG-PoolService-2] dbOpsStepDefAPI - Multiplication of numbers Number 1: 12; Number 2: 15 is: 180
  Then user multiplies "12" and "15" verify "180" # void com.app.stepDefs.dbOpsStepDefAPI.userMultipliesTwoNumbers(java.lang.String,java.lang.String,java.lang.String)
[INFO ] 2024-04-02 17:41:29.992 [TestNG-PoolService-2] LoginPageStepDef - BeforeStep
[INFO ] 2024-04-02 17:41:29.992 [TestNG-PoolService-2] MoneyCtrlPageStepDef - BeforeStep
Expected: 176, Actual: 176; Verify: true
[INFO ] 2024-04-02 17:41:29.992 [TestNG-PoolService-2] dbOpsStepDefAPI - Multiplication of numbers Number 1: 16; Number 2: 11 is: 176
  Then user multiplies "16" and "11" verify "176" # void com.app.stepDefs.dbOpsStepDefAPI.userMultipliesTwoNumbers(java.lang.String,java.lang.String,java.lang.String)
[INFO ] 2024-04-02 17:41:29.993 [TestNG-PoolService-2] ApplicationHooks - ***************CLOSE dB Connection***************
]]></system-out>
  </testcase>
</testsuite>