<?xml version="1.0" encoding="UTF-8"?>
<!-- Generated by org.testng.reporters.JUnitReportReporter -->
<testsuite hostname="DESKTOP-3MREL07" failures="0" tests="1" name="com.app.runner.CucumberRunnerTests" time="62.844" errors="0" timestamp="2023-07-29T18:25:55 IST" skipped="0">
  <testcase classname="com.app.runner.CucumberRunnerTests" name="runScenario" time="62.844"/>
  <system-out>
    <![CDATA[<br><img src='C:\GitClones\CucuTestNGReportingProProject\NewProject/Screenshots/29-Jul-2023/Logging in_29Jul2023_18-25-11.png' height='598' width='1366'/></br>
<br><img src='C:\GitClones\CucuTestNGReportingProProject\NewProject/Screenshots/29-Jul-2023/Logging in_29Jul2023_18-25-41.png' height='598' width='1366'/></br>]]>
  </system-out>
</testsuite> <!-- com.app.runner.CucumberRunnerTests -->
