<?xml version="1.0" encoding="UTF-8"?>
<!-- Generated by org.testng.reporters.JUnitReportReporter -->
<testsuite hostname="DESKTOP-3MREL07" failures="0" tests="5" name="com.app.runner.CucumberRunnerTests" time="27.881" errors="0" timestamp="2023-07-29T15:43:19 IST" skipped="0">
  <testcase classname="com.app.runner.CucumberRunnerTests" name="runScenario" time="0.020"/>
  <system-out/>
  <testcase classname="com.app.runner.CucumberRunnerTests" name="runScenario" time="10.208"/>
  <system-out>
    <![CDATA[<br><img src='C:\GitClones\CucuTestNGReportingProProject\NewProject/Screenshots/29-Jul-2023/Logging in_29Jul2023_15-43-13.png' height='600' width='800'/></br>]]>
  </system-out>
  <testcase classname="com.app.runner.CucumberRunnerTests" name="runScenario" time="0.015"/>
  <system-out/>
  <testcase classname="com.app.runner.CucumberRunnerTests" name="runScenario" time="0.843"/>
  <system-out/>
  <testcase classname="com.app.runner.CucumberRunnerTests" name="runScenario" time="16.795"/>
  <system-out>
    <![CDATA[<br><img src='C:\GitClones\CucuTestNGReportingProProject\NewProject/Screenshots/29-Jul-2023/Logging in_29Jul2023_15-43-02.png' height='600' width='800'/></br>]]>
  </system-out>
</testsuite> <!-- com.app.runner.CucumberRunnerTests -->
