<?xml version="1.0" encoding="UTF-8"?>
<!-- Generated by org.testng.reporters.JUnitReportReporter -->
<testsuite hostname="EPINHYDW03C3" failures="0" tests="3" name="com.app.runner.CucumberRunnerTestsDB" time="0.514" errors="0" timestamp="2024-02-08T16:08:16 IST" skipped="0">
  <testcase classname="com.app.runner.CucumberRunnerTestsDB" name="runScenario" time="0.489"/>
  <system-out/>
  <testcase classname="com.app.runner.CucumberRunnerTestsDB" name="runScenario" time="0.014"/>
  <system-out/>
  <testcase classname="com.app.runner.CucumberRunnerTestsDB" name="runScenario" time="0.011"/>
  <system-out/>
</testsuite> <!-- com.app.runner.CucumberRunnerTestsDB -->
