<?xml version="1.0" encoding="UTF-8"?>
<!-- Generated by org.testng.reporters.JUnitReportReporter -->
<testsuite hostname="DESKTOP-3MREL07" failures="0" tests="5" name="com.app.runner.CucumberRunnerTests" time="77.126" errors="3" timestamp="2023-07-27T22:29:54 IST" skipped="0">
  <testcase classname="com.app.runner.CucumberRunnerTests" name="runScenario" time="0.020">
    <error message="Session ID is null. Using WebDriver after calling quit()?
Build info: version: &#039;4.3.0&#039;, revision: &#039;a4995e2c09*&#039;
System info: host: &#039;DESKTOP-3MREL07&#039;, ip: &#039;192.168.1.12&#039;, os.name: &#039;Windows 11&#039;, os.arch: &#039;amd64&#039;, os.version: &#039;10.0&#039;, java.version: &#039;17.0.4.1&#039;
Driver info: org.openqa.selenium.chrome.ChromeDriver
Command: [null, get {url=https://www.way2automation.com/angularjs-protractor/banking/#/login}]
Capabilities {acceptInsecureCerts: false, browserName: chrome, browserVersion: 115.0.5790.102, chrome: {chromedriverVersion: 115.0.5790.102 (90efd4b0ad6..., userDataDir: C:\Users\HMDRA_~1\AppData\L...}, goog:chromeOptions: {debuggerAddress: localhost:60577}, networkConnectionEnabled: false, pageLoadStrategy: normal, platformName: WINDOWS, proxy: Proxy(), se:cdp: ws://localhost:60577/devtoo..., se:cdpVersion: 115.0.5790.102, setWindowRect: true, strictFileInteractability: false, timeouts: {implicit: 0, pageLoad: 300000, script: 30000}, unhandledPromptBehavior: dismiss and notify, webauthn:extension:credBlob: true, webauthn:extension:largeBlob: true, webauthn:extension:minPinLength: true, webauthn:extension:prf: true, webauthn:virtualAuthenticators: true}" type="org.openqa.selenium.NoSuchSessionException">
      <![CDATA[org.openqa.selenium.NoSuchSessionException: Session ID is null. Using WebDriver after calling quit()?
Build info: version: '4.3.0', revision: 'a4995e2c09*'
System info: host: 'DESKTOP-3MREL07', ip: '192.168.1.12', os.name: 'Windows 11', os.arch: 'amd64', os.version: '10.0', java.version: '17.0.4.1'
Driver info: org.openqa.selenium.chrome.ChromeDriver
Command: [null, get {url=https://www.way2automation.com/angularjs-protractor/banking/#/login}]
Capabilities {acceptInsecureCerts: false, browserName: chrome, browserVersion: 115.0.5790.102, chrome: {chromedriverVersion: 115.0.5790.102 (90efd4b0ad6..., userDataDir: C:\Users\HMDRA_~1\AppData\L...}, goog:chromeOptions: {debuggerAddress: localhost:60577}, networkConnectionEnabled: false, pageLoadStrategy: normal, platformName: WINDOWS, proxy: Proxy(), se:cdp: ws://localhost:60577/devtoo..., se:cdpVersion: 115.0.5790.102, setWindowRect: true, strictFileInteractability: false, timeouts: {implicit: 0, pageLoad: 300000, script: 30000}, unhandledPromptBehavior: dismiss and notify, webauthn:extension:credBlob: true, webauthn:extension:largeBlob: true, webauthn:extension:minPinLength: true, webauthn:extension:prf: true, webauthn:virtualAuthenticators: true}
at org.openqa.selenium.remote.HttpCommandExecutor.execute(HttpCommandExecutor.java:145)
at org.openqa.selenium.remote.service.DriverCommandExecutor.invokeExecute(DriverCommandExecutor.java:167)
at org.openqa.selenium.remote.service.DriverCommandExecutor.execute(DriverCommandExecutor.java:142)
at org.openqa.selenium.remote.RemoteWebDriver.execute(RemoteWebDriver.java:569)
at org.openqa.selenium.remote.RemoteWebDriver.get(RemoteWebDriver.java:332)
at com.app.stepDefs.LoginPageStepDef.userIsOnLoginPage(LoginPageStepDef.java:42)
at ✽.user is on app login page "https://www.way2automation.com/angularjs-protractor/banking/#/login"(file:///C:/GitClones/CucuTestNGReportingProProject/NewProject/src/test/resources/features/LoginPage.feature:4)
]]>
    </error>
  </testcase> <!-- runScenario -->
  <system-out/>
  <testcase classname="com.app.runner.CucumberRunnerTests" name="runScenario" time="53.451"/>
  <system-out>
    <![CDATA[<br><img src='C:\GitClones\CucuTestNGReportingProProject\NewProject/Screenshots/Logging inScreenshot_27Jul2023_22-28-42.png' height='598' width='1366'/></br>
<br><img src='C:\GitClones\CucuTestNGReportingProProject\NewProject/Screenshots/Logging inScreenshot_27Jul2023_22-28-43.png' height='598' width='1366'/></br>
<br><img src='C:\GitClones\CucuTestNGReportingProProject\NewProject/Screenshots/Logging inScreenshot_27Jul2023_22-28-43.png' height='598' width='1366'/></br>
<br><img src='C:\GitClones\CucuTestNGReportingProProject\NewProject/Screenshots/Logging inScreenshot_27Jul2023_22-29-26.png' height='598' width='1366'/></br>]]>
  </system-out>
  <testcase classname="com.app.runner.CucumberRunnerTests" name="runScenario" time="23.607"/>
  <system-out>
    <![CDATA[<br><img src='C:\GitClones\CucuTestNGReportingProProject\NewProject/Screenshots/Logging inScreenshot_27Jul2023_22-29-37.png' height='598' width='1366'/></br>
<br><img src='C:\GitClones\CucuTestNGReportingProProject\NewProject/Screenshots/Logging inScreenshot_27Jul2023_22-29-37.png' height='598' width='1366'/></br>
<br><img src='C:\GitClones\CucuTestNGReportingProProject\NewProject/Screenshots/Logging inScreenshot_27Jul2023_22-29-37.png' height='598' width='1366'/></br>
<br><img src='C:\GitClones\CucuTestNGReportingProProject\NewProject/Screenshots/Logging inScreenshot_27Jul2023_22-29-51.png' height='598' width='1366'/></br>]]>
  </system-out>
  <testcase classname="com.app.runner.CucumberRunnerTests" name="runScenario" time="0.031">
    <error message="Session ID is null. Using WebDriver after calling quit()?
Build info: version: &#039;4.3.0&#039;, revision: &#039;a4995e2c09*&#039;
System info: host: &#039;DESKTOP-3MREL07&#039;, ip: &#039;192.168.1.12&#039;, os.name: &#039;Windows 11&#039;, os.arch: &#039;amd64&#039;, os.version: &#039;10.0&#039;, java.version: &#039;17.0.4.1&#039;
Driver info: org.openqa.selenium.chrome.ChromeDriver
Command: [null, get {url=https://www.way2automation.com/angularjs-protractor/banking/#/login}]
Capabilities {acceptInsecureCerts: false, browserName: chrome, browserVersion: 115.0.5790.102, chrome: {chromedriverVersion: 115.0.5790.102 (90efd4b0ad6..., userDataDir: C:\Users\HMDRA_~1\AppData\L...}, goog:chromeOptions: {debuggerAddress: localhost:60577}, networkConnectionEnabled: false, pageLoadStrategy: normal, platformName: WINDOWS, proxy: Proxy(), se:cdp: ws://localhost:60577/devtoo..., se:cdpVersion: 115.0.5790.102, setWindowRect: true, strictFileInteractability: false, timeouts: {implicit: 0, pageLoad: 300000, script: 30000}, unhandledPromptBehavior: dismiss and notify, webauthn:extension:credBlob: true, webauthn:extension:largeBlob: true, webauthn:extension:minPinLength: true, webauthn:extension:prf: true, webauthn:virtualAuthenticators: true}" type="org.openqa.selenium.NoSuchSessionException">
      <![CDATA[org.openqa.selenium.NoSuchSessionException: Session ID is null. Using WebDriver after calling quit()?
Build info: version: '4.3.0', revision: 'a4995e2c09*'
System info: host: 'DESKTOP-3MREL07', ip: '192.168.1.12', os.name: 'Windows 11', os.arch: 'amd64', os.version: '10.0', java.version: '17.0.4.1'
Driver info: org.openqa.selenium.chrome.ChromeDriver
Command: [null, get {url=https://www.way2automation.com/angularjs-protractor/banking/#/login}]
Capabilities {acceptInsecureCerts: false, browserName: chrome, browserVersion: 115.0.5790.102, chrome: {chromedriverVersion: 115.0.5790.102 (90efd4b0ad6..., userDataDir: C:\Users\HMDRA_~1\AppData\L...}, goog:chromeOptions: {debuggerAddress: localhost:60577}, networkConnectionEnabled: false, pageLoadStrategy: normal, platformName: WINDOWS, proxy: Proxy(), se:cdp: ws://localhost:60577/devtoo..., se:cdpVersion: 115.0.5790.102, setWindowRect: true, strictFileInteractability: false, timeouts: {implicit: 0, pageLoad: 300000, script: 30000}, unhandledPromptBehavior: dismiss and notify, webauthn:extension:credBlob: true, webauthn:extension:largeBlob: true, webauthn:extension:minPinLength: true, webauthn:extension:prf: true, webauthn:virtualAuthenticators: true}
at org.openqa.selenium.remote.HttpCommandExecutor.execute(HttpCommandExecutor.java:145)
at org.openqa.selenium.remote.service.DriverCommandExecutor.invokeExecute(DriverCommandExecutor.java:167)
at org.openqa.selenium.remote.service.DriverCommandExecutor.execute(DriverCommandExecutor.java:142)
at org.openqa.selenium.remote.RemoteWebDriver.execute(RemoteWebDriver.java:569)
at org.openqa.selenium.remote.RemoteWebDriver.get(RemoteWebDriver.java:332)
at com.app.stepDefs.LoginPageStepDef.userIsOnLoginPage(LoginPageStepDef.java:42)
at ✽.user is on app login page "https://www.way2automation.com/angularjs-protractor/banking/#/login"(file:///C:/GitClones/CucuTestNGReportingProProject/NewProject/src/test/resources/features/LoginPage.feature:4)
]]>
    </error>
  </testcase> <!-- runScenario -->
  <system-out/>
  <testcase classname="com.app.runner.CucumberRunnerTests" name="runScenario" time="0.017">
    <error message="Session ID is null. Using WebDriver after calling quit()?
Build info: version: &#039;4.3.0&#039;, revision: &#039;a4995e2c09*&#039;
System info: host: &#039;DESKTOP-3MREL07&#039;, ip: &#039;192.168.1.12&#039;, os.name: &#039;Windows 11&#039;, os.arch: &#039;amd64&#039;, os.version: &#039;10.0&#039;, java.version: &#039;17.0.4.1&#039;
Driver info: org.openqa.selenium.chrome.ChromeDriver
Command: [null, get {url=https://www.way2automation.com/angularjs-protractor/banking/#/login}]
Capabilities {acceptInsecureCerts: false, browserName: chrome, browserVersion: 115.0.5790.102, chrome: {chromedriverVersion: 115.0.5790.102 (90efd4b0ad6..., userDataDir: C:\Users\HMDRA_~1\AppData\L...}, goog:chromeOptions: {debuggerAddress: localhost:60577}, networkConnectionEnabled: false, pageLoadStrategy: normal, platformName: WINDOWS, proxy: Proxy(), se:cdp: ws://localhost:60577/devtoo..., se:cdpVersion: 115.0.5790.102, setWindowRect: true, strictFileInteractability: false, timeouts: {implicit: 0, pageLoad: 300000, script: 30000}, unhandledPromptBehavior: dismiss and notify, webauthn:extension:credBlob: true, webauthn:extension:largeBlob: true, webauthn:extension:minPinLength: true, webauthn:extension:prf: true, webauthn:virtualAuthenticators: true}" type="org.openqa.selenium.NoSuchSessionException">
      <![CDATA[org.openqa.selenium.NoSuchSessionException: Session ID is null. Using WebDriver after calling quit()?
Build info: version: '4.3.0', revision: 'a4995e2c09*'
System info: host: 'DESKTOP-3MREL07', ip: '192.168.1.12', os.name: 'Windows 11', os.arch: 'amd64', os.version: '10.0', java.version: '17.0.4.1'
Driver info: org.openqa.selenium.chrome.ChromeDriver
Command: [null, get {url=https://www.way2automation.com/angularjs-protractor/banking/#/login}]
Capabilities {acceptInsecureCerts: false, browserName: chrome, browserVersion: 115.0.5790.102, chrome: {chromedriverVersion: 115.0.5790.102 (90efd4b0ad6..., userDataDir: C:\Users\HMDRA_~1\AppData\L...}, goog:chromeOptions: {debuggerAddress: localhost:60577}, networkConnectionEnabled: false, pageLoadStrategy: normal, platformName: WINDOWS, proxy: Proxy(), se:cdp: ws://localhost:60577/devtoo..., se:cdpVersion: 115.0.5790.102, setWindowRect: true, strictFileInteractability: false, timeouts: {implicit: 0, pageLoad: 300000, script: 30000}, unhandledPromptBehavior: dismiss and notify, webauthn:extension:credBlob: true, webauthn:extension:largeBlob: true, webauthn:extension:minPinLength: true, webauthn:extension:prf: true, webauthn:virtualAuthenticators: true}
at org.openqa.selenium.remote.HttpCommandExecutor.execute(HttpCommandExecutor.java:145)
at org.openqa.selenium.remote.service.DriverCommandExecutor.invokeExecute(DriverCommandExecutor.java:167)
at org.openqa.selenium.remote.service.DriverCommandExecutor.execute(DriverCommandExecutor.java:142)
at org.openqa.selenium.remote.RemoteWebDriver.execute(RemoteWebDriver.java:569)
at org.openqa.selenium.remote.RemoteWebDriver.get(RemoteWebDriver.java:332)
at com.app.stepDefs.LoginPageStepDef.userIsOnLoginPage(LoginPageStepDef.java:42)
at ✽.user is on app login page "https://www.way2automation.com/angularjs-protractor/banking/#/login"(file:///C:/GitClones/CucuTestNGReportingProProject/NewProject/src/test/resources/features/LoginPage.feature:4)
]]>
    </error>
  </testcase> <!-- runScenario -->
  <system-out/>
</testsuite> <!-- com.app.runner.CucumberRunnerTests -->
