<?xml version="1.0" encoding="UTF-8"?>
<!-- Generated by org.testng.reporters.JUnitReportReporter -->
<testsuite hostname="DESKTOP-3MREL07" failures="0" tests="3" name="com.app.runner.CucumberRunnerTests" time="60.264" errors="0" timestamp="2023-07-30T18:24:31 IST" skipped="0">
  <testcase classname="com.app.runner.CucumberRunnerTests" name="runScenario" time="14.711"/>
  <system-out>
    <![CDATA[<br><img src='C:\GitClones\CucuTestNGReportingProProject\NewProject/Screenshots/30-Jul-2023/Logging in_30Jul2023_18-23-38.png' height='600' width='800'/></br>]]>
  </system-out>
  <testcase classname="com.app.runner.CucumberRunnerTests" name="runScenario" time="31.848"/>
  <system-out>
    <![CDATA[<br><img src='C:\GitClones\CucuTestNGReportingProProject\NewProject/Screenshots/30-Jul-2023/Logging in_30Jul2023_18-24-03.png' height='600' width='800'/></br>
<br><img src='C:\GitClones\CucuTestNGReportingProProject\NewProject/Screenshots/30-Jul-2023/Logging in_30Jul2023_18-24-13.png' height='600' width='800'/></br>
<br><img src='C:\GitClones\CucuTestNGReportingProProject\NewProject/Screenshots/30-Jul-2023/Logging in_30Jul2023_18-24-18.png' height='600' width='800'/></br>
<br><img src='C:\GitClones\CucuTestNGReportingProProject\NewProject/Screenshots/30-Jul-2023/Logging in_30Jul2023_18-24-24.png' height='600' width='800'/></br>]]>
  </system-out>
  <testcase classname="com.app.runner.CucumberRunnerTests" name="runScenario" time="13.705"/>
  <system-out>
    <![CDATA[<br><img src='C:\GitClones\CucuTestNGReportingProProject\NewProject/Screenshots/30-Jul-2023/Logging in_30Jul2023_18-23-52.png' height='600' width='800'/></br>]]>
  </system-out>
</testsuite> <!-- com.app.runner.CucumberRunnerTests -->
