<?xml version="1.0" encoding="UTF-8"?>
<!-- Generated by org.testng.reporters.JUnitReportReporter -->
<testsuite hostname="DESKTOP-3MREL07" failures="0" tests="2" name="com.app.runner.CucumberRunnerTests" time="11.278" errors="0" timestamp="2023-07-23T03:32:36 IST" skipped="0">
  <testcase classname="com.app.runner.CucumberRunnerTests" name="runScenario" time="5.915"/>
  <system-out>
    <![CDATA[<br><img src='C:\WSs\CucumberTestNG\NewProject/Screenshots/Logging inScreenshot_23Jul2023_03-32-28.png' height='598' width='1366'/></br>]]>
  </system-out>
  <testcase classname="com.app.runner.CucumberRunnerTests" name="runScenario" time="5.363"/>
  <system-out>
    <![CDATA[<br><img src='C:\WSs\CucumberTestNG\NewProject/Screenshots/Logging inScreenshot_23Jul2023_03-32-34.png' height='598' width='1366'/></br>]]>
  </system-out>
</testsuite> <!-- com.app.runner.CucumberRunnerTests -->
