<?xml version="1.0" encoding="UTF-8"?>
<!-- Generated by org.testng.reporters.JUnitReportReporter -->
<testsuite hostname="DESKTOP-3MREL07" failures="0" tests="5" name="com.app.runner.CucumberRunnerTests" time="27.706" errors="0" timestamp="2023-07-29T06:20:37 IST" skipped="0">
  <testcase classname="com.app.runner.CucumberRunnerTests" name="runScenario" time="0.038"/>
  <system-out/>
  <testcase classname="com.app.runner.CucumberRunnerTests" name="runScenario" time="0.028"/>
  <system-out/>
  <testcase classname="com.app.runner.CucumberRunnerTests" name="runScenario" time="2.646"/>
  <system-out/>
  <testcase classname="com.app.runner.CucumberRunnerTests" name="runScenario" time="17.069"/>
  <system-out>
    <![CDATA[<br><img src='C:\GitClones\CucuTestNGReportingProProject\NewProject/Screenshots/29-Jul-2023/Logging in_29Jul2023_06-20-34.png' height='598' width='1366'/></br>]]>
  </system-out>
  <testcase classname="com.app.runner.CucumberRunnerTests" name="runScenario" time="7.925"/>
  <system-out>
    <![CDATA[<br><img src='C:\GitClones\CucuTestNGReportingProProject\NewProject/Screenshots/29-Jul-2023/Logging in_29Jul2023_06-20-17.png' height='598' width='1366'/></br>]]>
  </system-out>
</testsuite> <!-- com.app.runner.CucumberRunnerTests -->
