<?xml version="1.0" encoding="UTF-8"?>
<!-- Generated by org.testng.reporters.JUnitReportReporter -->
<testsuite hostname="DESKTOP-3MREL07" failures="0" tests="5" name="com.app.runner.CucumberRunnerTests" time="86.246" errors="0" timestamp="2023-07-29T05:13:01 IST" skipped="0">
  <testcase classname="com.app.runner.CucumberRunnerTests" name="runScenario" time="0.033"/>
  <system-out/>
  <testcase classname="com.app.runner.CucumberRunnerTests" name="runScenario" time="48.853"/>
  <system-out/>
  <testcase classname="com.app.runner.CucumberRunnerTests" name="runScenario" time="25.068"/>
  <system-out>
    <![CDATA[<br><img src='C:\GitClones\CucuTestNGReportingProProject\NewProject/Screenshots/29-Jul-2023/Logging in_29Jul2023_05-12-51.png' height='598' width='1366'/></br>]]>
  </system-out>
  <testcase classname="com.app.runner.CucumberRunnerTests" name="runScenario" time="0.043"/>
  <system-out/>
  <testcase classname="com.app.runner.CucumberRunnerTests" name="runScenario" time="12.249"/>
  <system-out>
    <![CDATA[<br><img src='C:\GitClones\CucuTestNGReportingProProject\NewProject/Screenshots/29-Jul-2023/Logging in_29Jul2023_05-12-26.png' height='598' width='1366'/></br>]]>
  </system-out>
</testsuite> <!-- com.app.runner.CucumberRunnerTests -->
