<?xml version="1.0" encoding="UTF-8"?>
<!-- Generated by org.testng.reporters.JUnitReportReporter -->
<testsuite hostname="EPINHYDW03C3" failures="0" tests="13" name="com.app.runner.CucumberRunnerTestsDB" time="5.140" errors="0" timestamp="2024-04-02T17:41:31 IST" skipped="0">
  <testcase classname="com.app.runner.CucumberRunnerTestsDB" name="runScenario" time="0.509"/>
  <system-out/>
  <testcase classname="com.app.runner.CucumberRunnerTestsDB" name="runScenario" time="0.509"/>
  <system-out/>
  <testcase classname="com.app.runner.CucumberRunnerTestsDB" name="runScenario" time="0.509"/>
  <system-out/>
  <testcase classname="com.app.runner.CucumberRunnerTestsDB" name="runScenario" time="0.510"/>
  <system-out/>
  <testcase classname="com.app.runner.CucumberRunnerTestsDB" name="runScenario" time="0.509"/>
  <system-out/>
  <testcase classname="com.app.runner.CucumberRunnerTestsDB" name="runScenario" time="0.510"/>
  <system-out/>
  <testcase classname="com.app.runner.CucumberRunnerTestsDB" name="runScenario" time="0.510"/>
  <system-out/>
  <testcase classname="com.app.runner.CucumberRunnerTestsDB" name="runScenario" time="0.014"/>
  <system-out/>
  <testcase classname="com.app.runner.CucumberRunnerTestsDB" name="runScenario" time="0.019"/>
  <system-out/>
  <testcase classname="com.app.runner.CucumberRunnerTestsDB" name="runScenario" time="0.509"/>
  <system-out/>
  <testcase classname="com.app.runner.CucumberRunnerTestsDB" name="runScenario" time="0.510"/>
  <system-out/>
  <testcase classname="com.app.runner.CucumberRunnerTestsDB" name="runScenario" time="0.012"/>
  <system-out/>
  <testcase classname="com.app.runner.CucumberRunnerTestsDB" name="runScenario" time="0.510"/>
  <system-out/>
</testsuite> <!-- com.app.runner.CucumberRunnerTestsDB -->
