<?xml version="1.0" encoding="UTF-8"?>
<!-- Generated by org.testng.reporters.JUnitReportReporter -->
<testsuite hostname="DESKTOP-3MREL07" failures="0" tests="2" name="com.app.runner.CucumberRunnerTests" time="35.410" errors="0" timestamp="2023-07-23T01:36:10 IST" skipped="0">
  <testcase classname="com.app.runner.CucumberRunnerTests" name="runScenario" time="24.586"/>
  <system-out/>
  <testcase classname="com.app.runner.CucumberRunnerTests" name="runScenario" time="10.824"/>
  <system-out/>
</testsuite> <!-- com.app.runner.CucumberRunnerTests -->
