<?xml version="1.0" encoding="UTF-8"?>
<!-- Generated by org.testng.reporters.JUnitReportReporter -->
<testsuite hostname="EPINHYDW03C3" failures="0" tests="11" name="com.app.runner.CucumberRunnerTestsDB" time="9.078" errors="0" timestamp="2024-04-01T17:43:46 IST" skipped="0">
  <testcase classname="com.app.runner.CucumberRunnerTestsDB" name="runScenario" time="0.908"/>
  <system-out/>
  <testcase classname="com.app.runner.CucumberRunnerTestsDB" name="runScenario" time="0.909"/>
  <system-out/>
  <testcase classname="com.app.runner.CucumberRunnerTestsDB" name="runScenario" time="0.905"/>
  <system-out/>
  <testcase classname="com.app.runner.CucumberRunnerTestsDB" name="runScenario" time="0.905"/>
  <system-out/>
  <testcase classname="com.app.runner.CucumberRunnerTestsDB" name="runScenario" time="0.905"/>
  <system-out/>
  <testcase classname="com.app.runner.CucumberRunnerTestsDB" name="runScenario" time="0.906"/>
  <system-out/>
  <testcase classname="com.app.runner.CucumberRunnerTestsDB" name="runScenario" time="0.905"/>
  <system-out/>
  <testcase classname="com.app.runner.CucumberRunnerTestsDB" name="runScenario" time="0.908"/>
  <system-out/>
  <testcase classname="com.app.runner.CucumberRunnerTestsDB" name="runScenario" time="0.905"/>
  <system-out/>
  <testcase classname="com.app.runner.CucumberRunnerTestsDB" name="runScenario" time="0.905"/>
  <system-out/>
  <testcase classname="com.app.runner.CucumberRunnerTestsDB" name="runScenario" time="0.017"/>
  <system-out/>
</testsuite> <!-- com.app.runner.CucumberRunnerTestsDB -->
