<?xml version="1.0" encoding="UTF-8"?>
<!-- Generated by org.testng.reporters.JUnitReportReporter -->
<testsuite hostname="EPINHYDW03C3" failures="0" tests="3" name="com.app.runner.CucumberRunnerTestsDB" time="1.839" errors="0" timestamp="2024-04-01T15:28:38 IST" skipped="0">
  <testcase classname="com.app.runner.CucumberRunnerTestsDB" name="runScenario" time="0.613"/>
  <system-out/>
  <testcase classname="com.app.runner.CucumberRunnerTestsDB" name="runScenario" time="0.613"/>
  <system-out/>
  <testcase classname="com.app.runner.CucumberRunnerTestsDB" name="runScenario" time="0.613"/>
  <system-out/>
</testsuite> <!-- com.app.runner.CucumberRunnerTestsDB -->
