<?xml version="1.0" encoding="UTF-8"?>
<!-- Generated by org.testng.reporters.JUnitReportReporter -->
<testsuite hostname="EPINHYDW03C3" failures="0" tests="3" name="com.app.runner.CucumberRunnerTestsDB" time="0.519" errors="0" timestamp="2024-02-08T17:04:41 IST" skipped="0">
  <testcase classname="com.app.runner.CucumberRunnerTestsDB" name="runScenario" time="0.494"/>
  <system-out/>
  <testcase classname="com.app.runner.CucumberRunnerTestsDB" name="runScenario" time="0.009"/>
  <system-out/>
  <testcase classname="com.app.runner.CucumberRunnerTestsDB" name="runScenario" time="0.016"/>
  <system-out/>
</testsuite> <!-- com.app.runner.CucumberRunnerTestsDB -->
